<?xml version="1.0" encoding="UTF-8"?>
<testng-results total="1" passed="1" failed="0" skipped="0">
  <reporter-output>
  </reporter-output>
  <suite started-at="2022-11-09T18:28:04Z" name="Default suite" finished-at="2022-11-09T18:32:14Z" duration-ms="249946">
    <groups>
    </groups>
    <test started-at="2022-11-09T18:28:04Z" name="Default test" finished-at="2022-11-09T18:32:14Z" duration-ms="249946">
      <class name="test.Makemytrip1">
        <test-method is-config="true" signature="beforetest()[pri:0, instance:test.Makemytrip1@39ac0c0a]" started-at="2022-11-09T23:58:04Z" name="beforetest" finished-at="2022-11-09T23:58:30Z" duration-ms="25803" status="PASS">
          <reporter-output>
          </reporter-output>
        </test-method> <!-- beforetest -->
        <test-method signature="test()[pri:0, instance:test.Makemytrip1@39ac0c0a]" started-at="2022-11-09T23:58:30Z" name="test" finished-at="2022-11-10T00:02:14Z" duration-ms="224091" status="PASS">
          <reporter-output>
          </reporter-output>
        </test-method> <!-- test -->
      </class> <!-- test.Makemytrip1 -->
    </test> <!-- Default test -->
  </suite> <!-- Default suite -->
</testng-results>
